<?xml version="1.0" encoding="UTF-8"?>
<testsuite xmlns:xsi="http://www.w3.org/2001/XMLSchema-instance" xsi:noNamespaceSchemaLocation="https://maven.apache.org/surefire/maven-surefire-plugin/xsd/surefire-test-report-3.0.xsd" version="3.0" name="test.TestR2RMLCSV" time="1.551" tests="6" errors="0" skipped="0" failures="0">
  <properties>
    <property name="java.specification.version" value="18"/>
    <property name="sun.jnu.encoding" value="UTF-8"/>
    <property name="java.class.path" value="/home/user/r2rml/target/test-classes:/home/user/r2rml/target/classes:/home/user/.m2/repository/net/sourceforge/jtds/jtds/1.3.1/jtds-1.3.1.jar:/home/user/.m2/repository/com/microsoft/sqlserver/mssql-jdbc/9.2.1.jre8/mssql-jdbc-9.2.1.jre8.jar:/home/user/.m2/repository/org/apache/jena/jena-arq/4.2.0/jena-arq-4.2.0.jar:/home/user/.m2/repository/org/apache/httpcomponents/httpclient/4.5.13/httpclient-4.5.13.jar:/home/user/.m2/repository/org/apache/httpcomponents/httpcore/4.4.13/httpcore-4.4.13.jar:/home/user/.m2/repository/com/github/jsonld-java/jsonld-java/0.13.3/jsonld-java-0.13.3.jar:/home/user/.m2/repository/com/apicatalog/titanium-json-ld/1.1.0/titanium-json-ld-1.1.0.jar:/home/user/.m2/repository/org/glassfish/jakarta.json/2.0.1/jakarta.json-2.0.1.jar:/home/user/.m2/repository/com/fasterxml/jackson/core/jackson-core/2.12.5/jackson-core-2.12.5.jar:/home/user/.m2/repository/com/fasterxml/jackson/core/jackson-databind/2.12.5/jackson-databind-2.12.5.jar:/home/user/.m2/repository/com/fasterxml/jackson/core/jackson-annotations/2.12.5/jackson-annotations-2.12.5.jar:/home/user/.m2/repository/org/apache/httpcomponents/httpclient-cache/4.5.13/httpclient-cache-4.5.13.jar:/home/user/.m2/repository/org/apache/thrift/libthrift/0.14.2/libthrift-0.14.2.jar:/home/user/.m2/repository/org/slf4j/slf4j-api/1.7.28/slf4j-api-1.7.28.jar:/home/user/.m2/repository/javax/annotation/javax.annotation-api/1.3.2/javax.annotation-api-1.3.2.jar:/home/user/.m2/repository/org/slf4j/jcl-over-slf4j/1.7.32/jcl-over-slf4j-1.7.32.jar:/home/user/.m2/repository/org/apache/commons/commons-lang3/3.12.0/commons-lang3-3.12.0.jar:/home/user/.m2/repository/org/apache/jena/jena-core/4.2.0/jena-core-4.2.0.jar:/home/user/.m2/repository/org/apache/jena/jena-base/4.2.0/jena-base-4.2.0.jar:/home/user/.m2/repository/org/apache/jena/jena-shaded-guava/4.2.0/jena-shaded-guava-4.2.0.jar:/home/user/.m2/repository/org/apache/commons/commons-csv/1.9.0/commons-csv-1.9.0.jar:/home/user/.m2/repository/commons-codec/commons-codec/1.15/commons-codec-1.15.jar:/home/user/.m2/repository/org/apache/commons/commons-compress/1.21/commons-compress-1.21.jar:/home/user/.m2/repository/com/github/andrewoma/dexx/collection/0.7/collection-0.7.jar:/home/user/.m2/repository/commons-cli/commons-cli/1.4/commons-cli-1.4.jar:/home/user/.m2/repository/org/apache/jena/jena-iri/4.2.0/jena-iri-4.2.0.jar:/home/user/.m2/repository/org/apache/maven/plugin-testing/maven-plugin-testing-harness/3.3.0/maven-plugin-testing-harness-3.3.0.jar:/home/user/.m2/repository/commons-io/commons-io/2.2/commons-io-2.2.jar:/home/user/.m2/repository/org/codehaus/plexus/plexus-archiver/2.2/plexus-archiver-2.2.jar:/home/user/.m2/repository/org/codehaus/plexus/plexus-container-default/1.0-alpha-9-stable-1/plexus-container-default-1.0-alpha-9-stable-1.jar:/home/user/.m2/repository/classworlds/classworlds/1.1-alpha-2/classworlds-1.1-alpha-2.jar:/home/user/.m2/repository/org/codehaus/plexus/plexus-utils/3.0.7/plexus-utils-3.0.7.jar:/home/user/.m2/repository/org/codehaus/plexus/plexus-io/2.0.4/plexus-io-2.0.4.jar:/home/user/.m2/repository/org/openjdk/nashorn/nashorn-core/15.3/nashorn-core-15.3.jar:/home/user/.m2/repository/org/ow2/asm/asm/7.3.1/asm-7.3.1.jar:/home/user/.m2/repository/org/ow2/asm/asm-commons/7.3.1/asm-commons-7.3.1.jar:/home/user/.m2/repository/org/ow2/asm/asm-analysis/7.3.1/asm-analysis-7.3.1.jar:/home/user/.m2/repository/org/ow2/asm/asm-tree/7.3.1/asm-tree-7.3.1.jar:/home/user/.m2/repository/org/ow2/asm/asm-util/7.3.1/asm-util-7.3.1.jar:/home/user/.m2/repository/org/apache/derby/derby/10.12.1.1/derby-10.12.1.1.jar:/home/user/.m2/repository/mysql/mysql-connector-java/8.0.18/mysql-connector-java-8.0.18.jar:/home/user/.m2/repository/com/google/protobuf/protobuf-java/3.6.1/protobuf-java-3.6.1.jar:/home/user/.m2/repository/org/postgresql/postgresql/42.3.3/postgresql-42.3.3.jar:/home/user/.m2/repository/org/checkerframework/checker-qual/3.5.0/checker-qual-3.5.0.jar:/home/user/.m2/repository/com/oracle/jdbc/ojdbc7/12.1.0.2/ojdbc7-12.1.0.2.jar:/home/user/.m2/repository/org/apache/logging/log4j/log4j-api/2.17.2/log4j-api-2.17.2.jar:/home/user/.m2/repository/org/apache/logging/log4j/log4j-core/2.17.2/log4j-core-2.17.2.jar:/home/user/.m2/repository/com/h2database/h2/2.1.210/h2-2.1.210.jar:/home/user/.m2/repository/info/picocli/picocli/3.1.0/picocli-3.1.0.jar:/home/user/.m2/repository/org/xerial/sqlite-jdbc/3.28.0/sqlite-jdbc-3.28.0.jar:/home/user/.m2/repository/junit/junit/4.13.1/junit-4.13.1.jar:/home/user/.m2/repository/org/hamcrest/hamcrest-core/1.3/hamcrest-core-1.3.jar:/home/user/.m2/repository/org/apache/commons/commons-text/1.9/commons-text-1.9.jar:"/>
    <property name="java.vm.vendor" value="Private Build"/>
    <property name="sun.arch.data.model" value="64"/>
    <property name="java.vendor.url" value="Unknown"/>
    <property name="os.name" value="Linux"/>
    <property name="java.vm.specification.version" value="18"/>
    <property name="sun.java.launcher" value="SUN_STANDARD"/>
    <property name="user.country" value="US"/>
    <property name="sun.boot.library.path" value="/usr/lib/jvm/java-18-openjdk-amd64/lib"/>
    <property name="sun.java.command" value="/home/user/r2rml/target/surefire/surefirebooter15580733510701069110.jar /home/user/r2rml/target/surefire 2023-09-28T14-07-40_024-jvmRun1 surefire9731795833628655313tmp surefire_01474907866586801216tmp"/>
    <property name="jdk.debug" value="release"/>
    <property name="surefire.test.class.path" value="/home/user/r2rml/target/test-classes:/home/user/r2rml/target/classes:/home/user/.m2/repository/net/sourceforge/jtds/jtds/1.3.1/jtds-1.3.1.jar:/home/user/.m2/repository/com/microsoft/sqlserver/mssql-jdbc/9.2.1.jre8/mssql-jdbc-9.2.1.jre8.jar:/home/user/.m2/repository/org/apache/jena/jena-arq/4.2.0/jena-arq-4.2.0.jar:/home/user/.m2/repository/org/apache/httpcomponents/httpclient/4.5.13/httpclient-4.5.13.jar:/home/user/.m2/repository/org/apache/httpcomponents/httpcore/4.4.13/httpcore-4.4.13.jar:/home/user/.m2/repository/com/github/jsonld-java/jsonld-java/0.13.3/jsonld-java-0.13.3.jar:/home/user/.m2/repository/com/apicatalog/titanium-json-ld/1.1.0/titanium-json-ld-1.1.0.jar:/home/user/.m2/repository/org/glassfish/jakarta.json/2.0.1/jakarta.json-2.0.1.jar:/home/user/.m2/repository/com/fasterxml/jackson/core/jackson-core/2.12.5/jackson-core-2.12.5.jar:/home/user/.m2/repository/com/fasterxml/jackson/core/jackson-databind/2.12.5/jackson-databind-2.12.5.jar:/home/user/.m2/repository/com/fasterxml/jackson/core/jackson-annotations/2.12.5/jackson-annotations-2.12.5.jar:/home/user/.m2/repository/org/apache/httpcomponents/httpclient-cache/4.5.13/httpclient-cache-4.5.13.jar:/home/user/.m2/repository/org/apache/thrift/libthrift/0.14.2/libthrift-0.14.2.jar:/home/user/.m2/repository/org/slf4j/slf4j-api/1.7.28/slf4j-api-1.7.28.jar:/home/user/.m2/repository/javax/annotation/javax.annotation-api/1.3.2/javax.annotation-api-1.3.2.jar:/home/user/.m2/repository/org/slf4j/jcl-over-slf4j/1.7.32/jcl-over-slf4j-1.7.32.jar:/home/user/.m2/repository/org/apache/commons/commons-lang3/3.12.0/commons-lang3-3.12.0.jar:/home/user/.m2/repository/org/apache/jena/jena-core/4.2.0/jena-core-4.2.0.jar:/home/user/.m2/repository/org/apache/jena/jena-base/4.2.0/jena-base-4.2.0.jar:/home/user/.m2/repository/org/apache/jena/jena-shaded-guava/4.2.0/jena-shaded-guava-4.2.0.jar:/home/user/.m2/repository/org/apache/commons/commons-csv/1.9.0/commons-csv-1.9.0.jar:/home/user/.m2/repository/commons-codec/commons-codec/1.15/commons-codec-1.15.jar:/home/user/.m2/repository/org/apache/commons/commons-compress/1.21/commons-compress-1.21.jar:/home/user/.m2/repository/com/github/andrewoma/dexx/collection/0.7/collection-0.7.jar:/home/user/.m2/repository/commons-cli/commons-cli/1.4/commons-cli-1.4.jar:/home/user/.m2/repository/org/apache/jena/jena-iri/4.2.0/jena-iri-4.2.0.jar:/home/user/.m2/repository/org/apache/maven/plugin-testing/maven-plugin-testing-harness/3.3.0/maven-plugin-testing-harness-3.3.0.jar:/home/user/.m2/repository/commons-io/commons-io/2.2/commons-io-2.2.jar:/home/user/.m2/repository/org/codehaus/plexus/plexus-archiver/2.2/plexus-archiver-2.2.jar:/home/user/.m2/repository/org/codehaus/plexus/plexus-container-default/1.0-alpha-9-stable-1/plexus-container-default-1.0-alpha-9-stable-1.jar:/home/user/.m2/repository/classworlds/classworlds/1.1-alpha-2/classworlds-1.1-alpha-2.jar:/home/user/.m2/repository/org/codehaus/plexus/plexus-utils/3.0.7/plexus-utils-3.0.7.jar:/home/user/.m2/repository/org/codehaus/plexus/plexus-io/2.0.4/plexus-io-2.0.4.jar:/home/user/.m2/repository/org/openjdk/nashorn/nashorn-core/15.3/nashorn-core-15.3.jar:/home/user/.m2/repository/org/ow2/asm/asm/7.3.1/asm-7.3.1.jar:/home/user/.m2/repository/org/ow2/asm/asm-commons/7.3.1/asm-commons-7.3.1.jar:/home/user/.m2/repository/org/ow2/asm/asm-analysis/7.3.1/asm-analysis-7.3.1.jar:/home/user/.m2/repository/org/ow2/asm/asm-tree/7.3.1/asm-tree-7.3.1.jar:/home/user/.m2/repository/org/ow2/asm/asm-util/7.3.1/asm-util-7.3.1.jar:/home/user/.m2/repository/org/apache/derby/derby/10.12.1.1/derby-10.12.1.1.jar:/home/user/.m2/repository/mysql/mysql-connector-java/8.0.18/mysql-connector-java-8.0.18.jar:/home/user/.m2/repository/com/google/protobuf/protobuf-java/3.6.1/protobuf-java-3.6.1.jar:/home/user/.m2/repository/org/postgresql/postgresql/42.3.3/postgresql-42.3.3.jar:/home/user/.m2/repository/org/checkerframework/checker-qual/3.5.0/checker-qual-3.5.0.jar:/home/user/.m2/repository/com/oracle/jdbc/ojdbc7/12.1.0.2/ojdbc7-12.1.0.2.jar:/home/user/.m2/repository/org/apache/logging/log4j/log4j-api/2.17.2/log4j-api-2.17.2.jar:/home/user/.m2/repository/org/apache/logging/log4j/log4j-core/2.17.2/log4j-core-2.17.2.jar:/home/user/.m2/repository/com/h2database/h2/2.1.210/h2-2.1.210.jar:/home/user/.m2/repository/info/picocli/picocli/3.1.0/picocli-3.1.0.jar:/home/user/.m2/repository/org/xerial/sqlite-jdbc/3.28.0/sqlite-jdbc-3.28.0.jar:/home/user/.m2/repository/junit/junit/4.13.1/junit-4.13.1.jar:/home/user/.m2/repository/org/hamcrest/hamcrest-core/1.3/hamcrest-core-1.3.jar:/home/user/.m2/repository/org/apache/commons/commons-text/1.9/commons-text-1.9.jar:"/>
    <property name="sun.cpu.endian" value="little"/>
    <property name="user.home" value="/home/user"/>
    <property name="user.language" value="en"/>
    <property name="java.specification.vendor" value="Oracle Corporation"/>
    <property name="java.version.date" value="2022-07-19"/>
    <property name="java.home" value="/usr/lib/jvm/java-18-openjdk-amd64"/>
    <property name="file.separator" value="/"/>
    <property name="basedir" value="/home/user/r2rml"/>
    <property name="java.vm.compressedOopsMode" value="32-bit"/>
    <property name="line.separator" value="&#10;"/>
    <property name="java.vm.specification.vendor" value="Oracle Corporation"/>
    <property name="java.specification.name" value="Java Platform API Specification"/>
    <property name="surefire.real.class.path" value="/home/user/r2rml/target/surefire/surefirebooter15580733510701069110.jar"/>
    <property name="sun.management.compiler" value="HotSpot 64-Bit Tiered Compilers"/>
    <property name="java.runtime.version" value="18.0.2-ea+9-Ubuntu-222.04"/>
    <property name="user.name" value="user"/>
    <property name="path.separator" value=":"/>
    <property name="os.version" value="5.15.0-84-generic"/>
    <property name="java.runtime.name" value="OpenJDK Runtime Environment"/>
    <property name="file.encoding" value="UTF-8"/>
    <property name="java.vm.name" value="OpenJDK 64-Bit Server VM"/>
    <property name="localRepository" value="/home/user/.m2/repository"/>
    <property name="java.vendor.url.bug" value="Unknown"/>
    <property name="java.io.tmpdir" value="/tmp"/>
    <property name="java.version" value="18.0.2-ea"/>
    <property name="user.dir" value="/home/user/r2rml"/>
    <property name="os.arch" value="amd64"/>
    <property name="java.vm.specification.name" value="Java Virtual Machine Specification"/>
    <property name="native.encoding" value="UTF-8"/>
    <property name="java.library.path" value="/usr/java/packages/lib:/usr/lib/x86_64-linux-gnu/jni:/lib/x86_64-linux-gnu:/usr/lib/x86_64-linux-gnu:/usr/lib/jni:/lib:/usr/lib"/>
    <property name="java.vm.info" value="mixed mode, sharing"/>
    <property name="java.vendor" value="Private Build"/>
    <property name="java.vm.version" value="18.0.2-ea+9-Ubuntu-222.04"/>
    <property name="sun.io.unicode.encoding" value="UnicodeLittle"/>
    <property name="java.class.version" value="62.0"/>
  </properties>
  <testcase name="testExampleCSV01" classname="test.TestR2RMLCSV" time="1.15"/>
  <testcase name="testExampleCSV02" classname="test.TestR2RMLCSV" time="0.092"/>
  <testcase name="testExampleCSV03" classname="test.TestR2RMLCSV" time="0.063"/>
  <testcase name="testExampleCSV04" classname="test.TestR2RMLCSV" time="0.062"/>
  <testcase name="testExampleCSV05" classname="test.TestR2RMLCSV" time="0.102"/>
  <testcase name="testExampleCSV06" classname="test.TestR2RMLCSV" time="0.078"/>
</testsuite>